[0.268s] Invoking command in '/home/test_ppc/ppc/src/ppc': PYTHONPATH=/home/test_ppc/ppc/build/ppc/prefix_override:/home/test_ppc/ppc/install/ppc/lib/python3.8/site-packages:${PYTHONPATH} /usr/bin/python3 setup.py egg_info --egg-base ../../build/ppc build --build-base /home/test_ppc/ppc/build/ppc/build install --record /home/test_ppc/ppc/build/ppc/install.log --install-scripts $base/lib/ppc --single-version-externally-managed
[0.355s] running egg_info
[0.356s] writing ../../build/ppc/ppc.egg-info/PKG-INFO
[0.356s] writing dependency_links to ../../build/ppc/ppc.egg-info/dependency_links.txt
[0.356s] writing entry points to ../../build/ppc/ppc.egg-info/entry_points.txt
[0.356s] writing requirements to ../../build/ppc/ppc.egg-info/requires.txt
[0.356s] writing top-level names to ../../build/ppc/ppc.egg-info/top_level.txt
[0.374s] reading manifest file '../../build/ppc/ppc.egg-info/SOURCES.txt'
[0.374s] writing manifest file '../../build/ppc/ppc.egg-info/SOURCES.txt'
[0.374s] running build
[0.374s] running build_py
[0.375s] copying ppc/racecar_params.py -> /home/test_ppc/ppc/build/ppc/build/lib/ppc
[0.375s] copying ppc/naive_state_estimator.py -> /home/test_ppc/ppc/build/ppc/build/lib/ppc
[0.375s] copying ppc/simple_sub.py -> /home/test_ppc/ppc/build/ppc/build/lib/ppc
[0.375s] running install
[0.376s] running install_lib
[0.376s] copying /home/test_ppc/ppc/build/ppc/build/lib/ppc/racecar_params.py -> /home/test_ppc/ppc/install/ppc/lib/python3.8/site-packages/ppc
[0.376s] copying /home/test_ppc/ppc/build/ppc/build/lib/ppc/naive_state_estimator.py -> /home/test_ppc/ppc/install/ppc/lib/python3.8/site-packages/ppc
[0.376s] copying /home/test_ppc/ppc/build/ppc/build/lib/ppc/simple_sub.py -> /home/test_ppc/ppc/install/ppc/lib/python3.8/site-packages/ppc
[0.376s] byte-compiling /home/test_ppc/ppc/install/ppc/lib/python3.8/site-packages/ppc/racecar_params.py to racecar_params.cpython-38.pyc
[0.377s] byte-compiling /home/test_ppc/ppc/install/ppc/lib/python3.8/site-packages/ppc/naive_state_estimator.py to naive_state_estimator.cpython-38.pyc
[0.377s] byte-compiling /home/test_ppc/ppc/install/ppc/lib/python3.8/site-packages/ppc/simple_sub.py to simple_sub.cpython-38.pyc
[0.378s] running install_data
[0.378s] running install_egg_info
[0.378s] removing '/home/test_ppc/ppc/install/ppc/lib/python3.8/site-packages/ppc-0.0.0-py3.8.egg-info' (and everything under it)
[0.379s] Copying ../../build/ppc/ppc.egg-info to /home/test_ppc/ppc/install/ppc/lib/python3.8/site-packages/ppc-0.0.0-py3.8.egg-info
[0.379s] running install_scripts
[0.387s] Installing simple_sub script to /home/test_ppc/ppc/install/ppc/lib/ppc
[0.387s] writing list of installed files to '/home/test_ppc/ppc/build/ppc/install.log'
[0.397s] Invoked command in '/home/test_ppc/ppc/src/ppc' returned '0': PYTHONPATH=/home/test_ppc/ppc/build/ppc/prefix_override:/home/test_ppc/ppc/install/ppc/lib/python3.8/site-packages:${PYTHONPATH} /usr/bin/python3 setup.py egg_info --egg-base ../../build/ppc build --build-base /home/test_ppc/ppc/build/ppc/build install --record /home/test_ppc/ppc/build/ppc/install.log --install-scripts $base/lib/ppc --single-version-externally-managed
