running egg_info
creating ../../build/ppc/ppc.egg-info
writing ../../build/ppc/ppc.egg-info/PKG-INFO
writing dependency_links to ../../build/ppc/ppc.egg-info/dependency_links.txt
writing entry points to ../../build/ppc/ppc.egg-info/entry_points.txt
writing requirements to ../../build/ppc/ppc.egg-info/requires.txt
writing top-level names to ../../build/ppc/ppc.egg-info/top_level.txt
writing manifest file '../../build/ppc/ppc.egg-info/SOURCES.txt'
reading manifest file '../../build/ppc/ppc.egg-info/SOURCES.txt'
writing manifest file '../../build/ppc/ppc.egg-info/SOURCES.txt'
running build
running build_py
creating /home/ppc/build/ppc/build
creating /home/ppc/build/ppc/build/lib
creating /home/ppc/build/ppc/build/lib/ppc
copying ppc/__init__.py -> /home/ppc/build/ppc/build/lib/ppc
running install
running install_lib
creating /home/ppc/install/ppc/lib/python3.8/site-packages/ppc
copying /home/ppc/build/ppc/build/lib/ppc/__init__.py -> /home/ppc/install/ppc/lib/python3.8/site-packages/ppc
byte-compiling /home/ppc/install/ppc/lib/python3.8/site-packages/ppc/__init__.py to __init__.cpython-38.pyc
running install_data
creating /home/ppc/install/ppc/share/ament_index
creating /home/ppc/install/ppc/share/ament_index/resource_index
creating /home/ppc/install/ppc/share/ament_index/resource_index/packages
copying resource/ppc -> /home/ppc/install/ppc/share/ament_index/resource_index/packages
copying package.xml -> /home/ppc/install/ppc/share/ppc
running install_egg_info
Copying ../../build/ppc/ppc.egg-info to /home/ppc/install/ppc/lib/python3.8/site-packages/ppc-0.0.0-py3.8.egg-info
running install_scripts
Installing simple_sub script to /home/ppc/install/ppc/lib/ppc
writing list of installed files to '/home/ppc/build/ppc/install.log'
