[0.267s] Invoking command in '/home/ppc/src/ppc': PYTHONPATH=/home/ppc/build/ppc/prefix_override:/home/ppc/install/ppc/lib/python3.8/site-packages:${PYTHONPATH} /usr/bin/python3 setup.py egg_info --egg-base ../../build/ppc build --build-base /home/ppc/build/ppc/build install --record /home/ppc/build/ppc/install.log --install-scripts $base/lib/ppc --single-version-externally-managed
[0.354s] running egg_info
[0.354s] creating ../../build/ppc/ppc.egg-info
[0.354s] writing ../../build/ppc/ppc.egg-info/PKG-INFO
[0.354s] writing dependency_links to ../../build/ppc/ppc.egg-info/dependency_links.txt
[0.354s] writing entry points to ../../build/ppc/ppc.egg-info/entry_points.txt
[0.354s] writing requirements to ../../build/ppc/ppc.egg-info/requires.txt
[0.354s] writing top-level names to ../../build/ppc/ppc.egg-info/top_level.txt
[0.354s] writing manifest file '../../build/ppc/ppc.egg-info/SOURCES.txt'
[0.369s] reading manifest file '../../build/ppc/ppc.egg-info/SOURCES.txt'
[0.369s] writing manifest file '../../build/ppc/ppc.egg-info/SOURCES.txt'
[0.370s] running build
[0.370s] running build_py
[0.370s] creating /home/ppc/build/ppc/build
[0.370s] creating /home/ppc/build/ppc/build/lib
[0.370s] creating /home/ppc/build/ppc/build/lib/ppc
[0.370s] copying ppc/__init__.py -> /home/ppc/build/ppc/build/lib/ppc
[0.370s] running install
[0.370s] running install_lib
[0.371s] creating /home/ppc/install/ppc/lib/python3.8/site-packages/ppc
[0.371s] copying /home/ppc/build/ppc/build/lib/ppc/__init__.py -> /home/ppc/install/ppc/lib/python3.8/site-packages/ppc
[0.371s] byte-compiling /home/ppc/install/ppc/lib/python3.8/site-packages/ppc/__init__.py to __init__.cpython-38.pyc
[0.371s] running install_data
[0.372s] creating /home/ppc/install/ppc/share/ament_index
[0.372s] creating /home/ppc/install/ppc/share/ament_index/resource_index
[0.372s] creating /home/ppc/install/ppc/share/ament_index/resource_index/packages
[0.372s] copying resource/ppc -> /home/ppc/install/ppc/share/ament_index/resource_index/packages
[0.372s] copying package.xml -> /home/ppc/install/ppc/share/ppc
[0.372s] running install_egg_info
[0.373s] Copying ../../build/ppc/ppc.egg-info to /home/ppc/install/ppc/lib/python3.8/site-packages/ppc-0.0.0-py3.8.egg-info
[0.373s] running install_scripts
[0.381s] Installing simple_sub script to /home/ppc/install/ppc/lib/ppc
[0.382s] writing list of installed files to '/home/ppc/build/ppc/install.log'
[0.392s] Invoked command in '/home/ppc/src/ppc' returned '0': PYTHONPATH=/home/ppc/build/ppc/prefix_override:/home/ppc/install/ppc/lib/python3.8/site-packages:${PYTHONPATH} /usr/bin/python3 setup.py egg_info --egg-base ../../build/ppc build --build-base /home/ppc/build/ppc/build install --record /home/ppc/build/ppc/install.log --install-scripts $base/lib/ppc --single-version-externally-managed
